 
****************************************
Report : area
Design : JAM
Version: P-2019.03
Date   : Fri Apr  1 14:28:06 2022
****************************************

Library(s) Used:

    slow (File: /home/univtrain/CBDK_IC_Contest_v2.5/SynopsysDC/db/slow.db)

Number of ports:                           30
Number of nets:                           636
Number of cells:                          617
Number of combinational cells:            554
Number of sequential cells:                63
Number of macros/black boxes:               0
Number of buf/inv:                        126
Number of references:                      72

Combinational area:               4423.424452
Buf/Inv area:                      797.777998
Noncombinational area:            1622.714418
Macro/Black Box area:                0.000000
Net Interconnect area:           80500.403748

Total cell area:                  6046.138870
Total area:                      86546.542618
1
