 
****************************************
Report : area
Design : LASER
Version: T-2022.03
Date   : Fri Apr 21 14:59:22 2023
****************************************

Library(s) Used:

    slow (File: /home/nuivtrain/Documents/CBDK_IC_Contest_v2.5/SynopsysDC/db/slow.db)

Number of ports:                          213
Number of nets:                          2731
Number of cells:                         2446
Number of combinational cells:           1978
Number of sequential cells:               456
Number of macros/black boxes:               0
Number of buf/inv:                        397
Number of references:                     119

Combinational area:              19944.450118
Buf/Inv area:                     2683.589394
Noncombinational area:           12440.244434
Macro/Black Box area:                0.000000
Net Interconnect area:          305014.891968

Total cell area:                 32384.694552
Total area:                     337399.586520
1
