ncverilog(64): 15.20-s039: (c) Copyright 1995-2017 Cadence Design Systems, Inc.
TOOL:	ncverilog	15.20-s039: Started on Apr 13, 2022 at 15:53:17 CST
ncverilog
	-sv
	tb.sv
	JAM_syn.v
	-v
	tsmc13_neg.v
	+define+SDF
	+define+P2
file: tb.sv
	module worklib.testfixture:sv
		errors: 0, warnings: 0
file: JAM_syn.v
	module worklib.JAM:v
		errors: 0, warnings: 0
		Caching library 'worklib' ....... Done
		Caching library 'tsmc13_neg' ....... Done
	Elaborating the design hierarchy:
ncelab: *W,DSEMEL: This SystemVerilog design will be simulated as per IEEE 1800-2009 SystemVerilog simulation semantics. Use -disable_sem2009 option for turning off SV 2009 simulation semantics.
	Reading SDF file from location "./JAM_syn.sdf"
        .MinCost(MinCost),
                       |
ncelab: *W,CUVMPW (./tb.sv,40|23): port sizes differ in port connection (9/10).
	Annotating SDF timing data:
		Compiled SDF file:     JAM_syn.sdf.X
		Log file:              
		Backannotation scope:  testfixture.u_JAM
		Configuration file:    
		MTM control:           
		Scale factors:         
		Scale type:            
	Annotation completed successfully...
	SDF statistics: No. of Pathdelays = 2116  Annotated = 100.00% -- No. of Tchecks = 366  Annotated = 99.45% 
				        Total 	   Annotated	  Percentage
		 Path Delays	        2116	        2116	      100.00
		      $width	         182	         182	      100.00
		  $setuphold	         184	         182	       98.91
	Building instance overlay tables: .................... Done
	Generating native compiled code:
		worklib.JAM:v <0x52a63d23>
			streams:   0, words:     0
		worklib.testfixture:sv <0x03cef92c>
			streams:  11, words: 27219
	Building instance specific data structures.
	Loading native compiled code:     .................... Done
	Design hierarchy summary:
		                    Instances  Unique
		Modules:                  784      88
		UDPs:                      91       2
		Primitives:              1542       7
		Timing outputs:           792      21
		Registers:                117      32
		Scalar wires:             889       -
		Expanded wires:             7       1
		Vectored wires:             1       -
		Always blocks:              3       3
		Initial blocks:             7       7
		Cont. assignments:          1       1
		Pseudo assignments:         1       1
		Timing checks:            550      96
		Interconnect:            2119       -
		Delayed tcheck signals:   183      93
		Simulation timescale:     1ps
	Writing initial simulation snapshot: worklib.testfixture:sv
Loading snapshot worklib.testfixture:sv .................... Done
ncsim: *W,DSEM2009: This SystemVerilog design is simulated as per IEEE 1800-2009 SystemVerilog simulation semantics. Use -disable_sem2009 option for turning off SV 2009 simulation semantics.
ncsim> source /usr/cad/cadence/INCISIV/cur/tools/inca/files/ncsimrc
ncsim> run
*******************************
** Simulation Start          **
*******************************
PATTERN:   2
-------------- Cost Table --------------
Jobs       0   1   2   3   4   5   6   7
worker0:  54  59  59  59  32  40  62  40
worker1:  54  32  32  79  32  38  32  62
worker2:  54  54  30  38  32  38  59  54
worker3:  30  59  32  32  62  40  45  79
worker4:  32  32  38  32  62  38  62  32
worker5:  79  45  32  62  32  32  32  59
worker6:  32  38  32  59  54  30  30  45
worker7:  30  79  32  32  62  30  45  32
----------------------------------------------------------------------
Get Valid at cycle:    362884
receive MinCost/MatchCount= 250/ 6 , golden MinCost/MatchCount= 250/ 6
----------------------------------------------------------------------
*************************
**  FUNCTION  CORRECT  **
*************************

Simulation complete via $finish(1) at time 3628835 NS + 0
./tb.sv:180                 $finish;
ncsim> exit
TOOL:	ncverilog	15.20-s039: Exiting on Apr 13, 2022 at 15:53:26 CST  (total: 00:00:09)
