 
****************************************
Report : timing
        -path full
        -delay max
        -max_paths 1
Design : JAM
Version: P-2019.03
Date   : Wed Apr 13 15:34:49 2022
****************************************

Operating Conditions: slow   Library: slow
Wire Load Model Mode: top

  Startpoint: Cost[0] (input port clocked by CLK)
  Endpoint: sum_reg_reg[9]
            (rising edge-triggered flip-flop clocked by CLK)
  Path Group: CLK
  Path Type: max

  Des/Clust/Port     Wire Load Model       Library
  ------------------------------------------------
  JAM                tsmc13_wl10           slow

  Point                                    Incr       Path
  -----------------------------------------------------------
  clock CLK (fall edge)                    4.00       4.00
  clock network delay (ideal)              0.50       4.50
  input external delay                     0.00       4.50 f
  Cost[0] (in)                             0.00       4.50 f
  U1024/CO (ADDHXL)                        0.23       4.73 f
  U862/CO (ADDFX2)                         0.38       5.11 f
  U1027/CO (ADDFXL)                        0.50       5.61 f
  U759/CO (ADDFHX2)                        0.28       5.89 f
  U1026/CO (ADDFXL)                        0.49       6.38 f
  U863/CO (ADDFX2)                         0.40       6.78 f
  U677/CO (ADDFX2)                         0.37       7.15 f
  U1025/CO (ADDHX1)                        0.26       7.41 f
  U1023/CO (ADDHX1)                        0.25       7.66 f
  U701/Y (XOR2X1)                          0.20       7.86 f
  U667/Y (AND2X1)                          0.26       8.12 f
  sum_reg_reg[9]/D (DFFQX1)                0.00       8.12 f
  data arrival time                                   8.12

  clock CLK (rise edge)                    8.00       8.00
  clock network delay (ideal)              0.50       8.50
  clock uncertainty                       -0.10       8.40
  sum_reg_reg[9]/CK (DFFQX1)               0.00       8.40 r
  library setup time                      -0.26       8.14
  data required time                                  8.14
  -----------------------------------------------------------
  data required time                                  8.14
  data arrival time                                  -8.12
  -----------------------------------------------------------
  slack (MET)                                         0.01


1
