 
****************************************
Report : area
Design : JAM
Version: P-2019.03
Date   : Fri Jun 17 16:37:40 2022
****************************************

Library(s) Used:

    slow (File: /home/univtrain/4108064101/CBDK_IC_Contest_v2.5/SynopsysDC/db/slow.db)

Number of ports:                           30
Number of nets:                           856
Number of cells:                          836
Number of combinational cells:            769
Number of sequential cells:                67
Number of macros/black boxes:               0
Number of buf/inv:                        149
Number of references:                      90

Combinational area:               6153.075007
Buf/Inv area:                      816.449387
Noncombinational area:            1731.348019
Macro/Black Box area:                0.000000
Net Interconnect area:          103740.520935

Total cell area:                  7884.423026
Total area:                     111624.943961
1
