ncverilog(64): 15.20-s039: (c) Copyright 1995-2017 Cadence Design Systems, Inc.
TOOL:	ncverilog	15.20-s039: Started on Mar 30, 2022 at 14:55:22 CST
ncverilog
	tb.sv
	JAM_syn.v
	-v
	tsmc13_neg.v
	+define+P3
	+define+SDF
file: tb.sv
	module worklib.testfixture:sv
		errors: 0, warnings: 0
file: JAM_syn.v
	module worklib.JAM:v
		errors: 0, warnings: 0
		Caching library 'worklib' ....... Done
		Caching library 'tsmc13_neg' ....... Done
	Elaborating the design hierarchy:
ncelab: *W,DSEMEL: This SystemVerilog design will be simulated as per IEEE 1800-2009 SystemVerilog simulation semantics. Use -disable_sem2009 option for turning off SV 2009 simulation semantics.
	Reading SDF file from location "./JAM_syn.sdf"
        .MinCost(MinCost),
                       |
ncelab: *W,CUVMPW (./tb.sv,42|23): port sizes differ in port connection (9/10).
	Annotating SDF timing data:
		Compiled SDF file:     JAM_syn.sdf.X
		Log file:              
		Backannotation scope:  testfixture.u_JAM
		Configuration file:    
		MTM control:           
		Scale factors:         
		Scale type:            
	Annotation completed successfully...
	SDF statistics: No. of Pathdelays = 1753  Annotated = 100.00% -- No. of Tchecks = 258  Annotated = 99.22% 
				        Total 	   Annotated	  Percentage
		 Path Delays	        1753	        1753	      100.00
		      $width	         128	         128	      100.00
		  $setuphold	         130	         128	       98.46
	Building instance overlay tables: .................... Done
	Generating native compiled code:
		worklib.JAM:v <0x667541a7>
			streams:   0, words:     0
		worklib.testfixture:sv <0x03cef92c>
			streams:  11, words: 27219
	Building instance specific data structures.
	Loading native compiled code:     .................... Done
	Design hierarchy summary:
		                    Instances  Unique
		Modules:                  631      74
		UDPs:                      64       2
		Primitives:              1253       7
		Timing outputs:           639      15
		Registers:                 90      32
		Scalar wires:             708       -
		Expanded wires:             7       1
		Vectored wires:             1       -
		Always blocks:              3       3
		Initial blocks:             7       7
		Cont. assignments:          1       1
		Pseudo assignments:         1       1
		Timing checks:            388      69
		Interconnect:            1732       -
		Delayed tcheck signals:   129      66
		Simulation timescale:     1ps
	Writing initial simulation snapshot: worklib.testfixture:sv
Loading snapshot worklib.testfixture:sv .................... Done
ncsim: *W,DSEM2009: This SystemVerilog design is simulated as per IEEE 1800-2009 SystemVerilog simulation semantics. Use -disable_sem2009 option for turning off SV 2009 simulation semantics.
ncsim> source /usr/cad/cadence/INCISIV/cur/tools/inca/files/ncsimrc
ncsim> run
*******************************
** Simulation Start          **
*******************************
PATTERN:   3
-------------- Cost Table --------------
Jobs       0   1   2   3   4   5   6   7
worker0:  81  60  60  65  96  60  65  96
worker1:  96  60  66  96  60  60  60  81
worker2:  96  66  60  99  60  81  65  65
worker3:  66  96  80  99  81  81  96  60
worker4:  81  96  65  96  60  96  60  81
worker5:  60  96  80  96  80  60  81  60
worker6:  99  60  99  65  80  80  81  66
worker7:  65  60  60  99  99  80  60  96
----------------------------------------------------------------------
Get Valid at cycle:    595120
receive MinCost/MatchCount= 485/ 9 , golden MinCost/MatchCount= 485/ 9
----------------------------------------------------------------------
*************************
**  FUNCTION  CORRECT  **
*************************

Simulation complete via $finish(1) at time 5951195 NS + 0
./tb.sv:182                 $finish;
ncsim> exit
TOOL:	ncverilog	15.20-s039: Exiting on Mar 30, 2022 at 14:55:31 CST  (total: 00:00:09)
