 
****************************************
Report : area
Design : JAM
Version: P-2019.03
Date   : Tue Apr 12 17:03:42 2022
****************************************

Library(s) Used:

    slow (File: /home/univtrain/4108064101/CBDK_IC_Contest_v2.5/SynopsysDC/db/slow.db)

Number of ports:                           30
Number of nets:                           716
Number of cells:                          649
Number of combinational cells:            558
Number of sequential cells:                91
Number of macros/black boxes:               0
Number of buf/inv:                         96
Number of references:                      70

Combinational area:               4588.072250
Buf/Inv area:                      650.104196
Noncombinational area:            2924.620140
Macro/Black Box area:                0.000000
Net Interconnect area:           91653.794037

Total cell area:                  7512.692390
Total area:                      99166.486427
1
