 
****************************************
Report : area
Design : geofence
Version: L-2016.03
Date   : Fri Dec 24 14:00:17 2021
****************************************

Library(s) Used:

    slow (File: /cad/CBDK/CBDK_IC_Contest_v2.1/SynopsysDC/db/slow.db)

Number of ports:                           24
Number of nets:                          1639
Number of cells:                         1369
Number of combinational cells:           1202
Number of sequential cells:               167
Number of macros/black boxes:               0
Number of buf/inv:                        177
Number of references:                      69

Combinational area:              13677.649325
Buf/Inv area:                      882.647985
Noncombinational area:            5390.942219
Macro/Black Box area:                0.000000
Net Interconnect area:          208507.719177

Total cell area:                 19068.591544
Total area:                     227576.310721
1
