 
****************************************
Report : power
        -analysis_effort low
Design : geofence
Version: L-2016.03
Date   : Fri Dec 24 14:00:17 2021
****************************************


Library(s) Used:

    slow (File: /cad/CBDK/CBDK_IC_Contest_v2.1/SynopsysDC/db/slow.db)


Operating Conditions: slow   Library: slow
Wire Load Model Mode: top

Design        Wire Load Model            Library
------------------------------------------------
geofence               tsmc13_wl10       slow


Global Operating Voltage = 1.08 
Power-specific unit information :
    Voltage Units = 1V
    Capacitance Units = 1.000000pf
    Time Units = 1ns
    Dynamic Power Units = 1mW    (derived from V,C,T units)
    Leakage Power Units = 1pW


  Cell Internal Power  = 135.6038 uW   (68%)
  Net Switching Power  =  64.9792 uW   (32%)
                         ---------
Total Dynamic Power    = 200.5830 uW  (100%)

Cell Leakage Power     =  13.9254 uW


                 Internal         Switching           Leakage            Total
Power Group      Power            Power               Power              Power   (   %    )  Attrs
--------------------------------------------------------------------------------------------------
io_pad             0.0000            0.0000            0.0000            0.0000  (   0.00%)
memory             0.0000            0.0000            0.0000            0.0000  (   0.00%)
black_box          0.0000            0.0000            0.0000            0.0000  (   0.00%)
clock_network      0.0000            0.0000            0.0000            0.0000  (   0.00%)
register           0.1155        6.4429e-03        4.9577e+06            0.1269  (  59.16%)
sequential         0.0000            0.0000            0.0000            0.0000  (   0.00%)
combinational  2.0092e-02        5.8536e-02        8.9677e+06        8.7596e-02  (  40.84%)
--------------------------------------------------------------------------------------------------
Total              0.1356 mW     6.4979e-02 mW     1.3925e+07 pW         0.2145 mW
1
