 
****************************************
Report : timing
        -path full
        -delay max
        -max_paths 1
Design : geofence
Version: L-2016.03
Date   : Fri Dec 24 14:00:17 2021
****************************************

Operating Conditions: slow   Library: slow
Wire Load Model Mode: top

  Startpoint: counter_reg[1]
              (rising edge-triggered flip-flop clocked by clk)
  Endpoint: p_or_n_temp_reg[3]
            (rising edge-triggered flip-flop clocked by clk)
  Path Group: clk
  Path Type: max

  Des/Clust/Port     Wire Load Model       Library
  ------------------------------------------------
  geofence           tsmc13_wl10           slow

  Point                                    Incr       Path
  -----------------------------------------------------------
  clock clk (rise edge)                    0.00       0.00
  clock network delay (ideal)              0.50       0.50
  counter_reg[1]/CK (DFFRX1)               0.00       0.50 r
  counter_reg[1]/Q (DFFRX1)                0.77       1.27 f
  U1447/Y (NOR2X1)                         0.67       1.95 r
  U1480/Y (NAND2X1)                        0.47       2.42 f
  U1330/Y (NOR2XL)                         0.74       3.16 r
  U1481/Y (CLKINVX1)                       0.77       3.93 f
  U1482/Y (CLKBUFX3)                       0.95       4.88 f
  U1542/Y (OAI22XL)                        0.73       5.61 r
  U1254/Y (NOR3XL)                         0.27       5.88 f
  U1253/Y (BUFX2)                          0.50       6.37 f
  U1546/Y (OAI21XL)                        0.37       6.74 r
  U1248/Y (BUFX2)                          0.61       7.36 r
  U1575/Y (OAI2BB2XL)                      0.37       7.73 r
  U1404/Y (AOI211XL)                       0.25       7.98 f
  U1371/Y (OAI21X1)                        0.42       8.40 r
  U1578/Y (NAND2BX1)                       0.29       8.69 r
  U1702/S (ADDFX1)                         0.98       9.67 r
  U1703/Y (CLKINVX1)                       0.82      10.49 f
  U2039/Y (OAI22XL)                        0.54      11.03 r
  U2040/Y (OAI22XL)                        0.31      11.34 f
  U2043/S (ADDFXL)                         0.83      12.16 r
  U1395/Y (NAND2XL)                        0.21      12.37 f
  U2044/Y (AOI221XL)                       0.84      13.21 r
  U2046/Y (OAI21XL)                        0.32      13.53 f
  U1177/Y (OAI2BB1XL)                      0.52      14.05 r
  U2047/Y (AOI222XL)                       0.35      14.41 f
  U2049/Y (OAI2BB2XL)                      0.76      15.17 r
  U2050/Y (AOI222XL)                       0.40      15.57 f
  U2051/Y (OAI2BB2XL)                      0.78      16.35 r
  U2052/Y (AOI222XL)                       0.40      16.75 f
  U2053/Y (OAI2BB2XL)                      0.78      17.53 r
  U2054/Y (AOI222XL)                       0.40      17.94 f
  U2055/Y (OAI2BB2XL)                      0.78      18.72 r
  U2056/Y (AOI222XL)                       0.40      19.12 f
  U2057/Y (OAI2BB2XL)                      0.78      19.90 r
  U2058/Y (AOI222XL)                       0.40      20.30 f
  U2059/Y (OAI2BB2XL)                      0.78      21.08 r
  U2060/Y (AOI222XL)                       0.40      21.48 f
  U2061/Y (OAI2BB2XL)                      0.78      22.26 r
  U2062/Y (AOI222XL)                       0.40      22.67 f
  U1323/Y (OAI2BB2XL)                      0.78      23.45 r
  U1124/Y (AOI222XL)                       0.55      23.99 f
  U2071/Y (AOI2BB2X1)                      0.81      24.81 r
  U1122/Y (NAND3XL)                        0.68      25.49 f
  U1120/Y (NAND2XL)                        0.65      26.14 r
  U1121/Y (AND2X1)                         0.47      26.61 r
  U1123/Y (OAI2BB1X1)                      0.29      26.89 r
  U2074/Y (OAI31XL)                        0.22      27.11 f
  p_or_n_temp_reg[3]/D (DFFRX1)            0.00      27.11 f
  data arrival time                                  27.11

  clock clk (rise edge)                   30.00      30.00
  clock network delay (ideal)              0.50      30.50
  clock uncertainty                       -0.10      30.40
  p_or_n_temp_reg[3]/CK (DFFRX1)           0.00      30.40 r
  library setup time                      -0.26      30.14
  data required time                                 30.14
  -----------------------------------------------------------
  data required time                                 30.14
  data arrival time                                 -27.11
  -----------------------------------------------------------
  slack (MET)                                         3.03


1
