 
****************************************
Report : area
Design : JAM
Version: P-2019.03
Date   : Tue Apr 12 17:06:52 2022
****************************************

Library(s) Used:

    slow (File: /home/univtrain/4108064101/CBDK_IC_Contest_v2.5/SynopsysDC/db/slow.db)

Number of ports:                           30
Number of nets:                           737
Number of cells:                          717
Number of combinational cells:            626
Number of sequential cells:                91
Number of macros/black boxes:               0
Number of buf/inv:                        143
Number of references:                      73

Combinational area:               4971.684634
Buf/Inv area:                      848.699987
Noncombinational area:            2330.530235
Macro/Black Box area:                0.000000
Net Interconnect area:           92493.799225

Total cell area:                  7302.214870
Total area:                      99796.014095
1
