 
****************************************
Report : area
Design : LCD_CTRL
Version: T-2022.03
Date   : Tue Mar 28 15:24:14 2023
****************************************

Library(s) Used:

    slow (File: /home/nuivtrain/4108064101/CBDK_IC_Contest_v2.1/SynopsysDC/db/slow.db)

Number of ports:                          135
Number of nets:                          7719
Number of cells:                         7066
Number of combinational cells:           6519
Number of sequential cells:               537
Number of macros/black boxes:               0
Number of buf/inv:                       1160
Number of references:                     176

Combinational area:              75386.625550
Buf/Inv area:                    10624.026587
Noncombinational area:           19061.801689
Macro/Black Box area:                0.000000
Net Interconnect area:         1183799.256622

Total cell area:                 94448.427239
Total area:                    1278247.683861
1
