 
****************************************
Report : area
Design : CONV
Version: L-2016.03
Date   : Thu Dec  2 00:28:24 2021
****************************************

Library(s) Used:

    slow (File: /cad/CBDK/CBDK_IC_Contest_v2.1/SynopsysDC/db/slow.db)

Number of ports:                          105
Number of nets:                          4503
Number of cells:                         3943
Number of combinational cells:           3711
Number of sequential cells:               232
Number of macros/black boxes:               0
Number of buf/inv:                        633
Number of references:                     144

Combinational area:              46002.935049
Buf/Inv area:                     4043.206776
Noncombinational area:            7368.413174
Macro/Black Box area:                0.000000
Net Interconnect area:          446508.902100

Total cell area:                 53371.348223
Total area:                     499880.250323
1
