 
****************************************
Report : power
        -analysis_effort low
Design : CONV
Version: L-2016.03
Date   : Thu Dec  2 00:28:24 2021
****************************************


Library(s) Used:

    slow (File: /cad/CBDK/CBDK_IC_Contest_v2.1/SynopsysDC/db/slow.db)


Operating Conditions: slow   Library: slow
Wire Load Model Mode: top

Design        Wire Load Model            Library
------------------------------------------------
CONV                   tsmc13_wl10       slow


Global Operating Voltage = 1.08 
Power-specific unit information :
    Voltage Units = 1V
    Capacitance Units = 1.000000pf
    Time Units = 1ns
    Dynamic Power Units = 1mW    (derived from V,C,T units)
    Leakage Power Units = 1pW


  Cell Internal Power  =   1.1463 mW   (50%)
  Net Switching Power  =   1.1497 mW   (50%)
                         ---------
Total Dynamic Power    =   2.2959 mW  (100%)

Cell Leakage Power     =  47.0571 uW


                 Internal         Switching           Leakage            Total
Power Group      Power            Power               Power              Power   (   %    )  Attrs
--------------------------------------------------------------------------------------------------
io_pad             0.0000            0.0000            0.0000            0.0000  (   0.00%)
memory             0.0000            0.0000            0.0000            0.0000  (   0.00%)
black_box          0.0000            0.0000            0.0000            0.0000  (   0.00%)
clock_network      0.0000            0.0000            0.0000            0.0000  (   0.00%)
register           0.5354        4.4188e-02        6.7646e+06            0.5863  (  25.03%)
sequential         0.0000            0.0000            0.0000            0.0000  (   0.00%)
combinational      0.6109            1.1055        4.0292e+07            1.7566  (  74.97%)
--------------------------------------------------------------------------------------------------
Total              1.1463 mW         1.1497 mW     4.7057e+07 pW         2.3430 mW
1
